-------------------------------------------
Batch: 0
-------------------------------------------
+--------------------+-----+
|            customer|score|
+--------------------+-----+
|  Dan.Davis@test.com|  2.0|
|Jane.Hansen@test.com| 11.0|
|Ben.Fibonnaci@tes...|  6.5|
|Gail.Habschied@te...| -7.5|
|Spencer.Habschied...| 16.5|
|   Frank.Wu@test.com| -2.5|
| Jerry.Huey@test.com| -1.5|
|Gail.Anderson@tes...| -2.0|
| Santosh.Wu@test.com| -2.5|
| Sean.Ahmed@test.com| -5.0|
|Ashley.Davis@test...| -3.0|
|Travis.Mitra@test...| -4.0|
|Senthil.Habschied...| -3.5|
|Larry.Jefferson@t...| -4.0|
|Craig.Habschied@t...| -2.0|
|Santosh.Phillips@...|  0.0|
|Larry.Lincoln@tes...| -7.0|
|Jason.Harris@test...|  0.0|
|Gail.Lincoln@test...|-28.5|
|Travis.Habschied@...|-13.0|
+--------------------+-----+
only showing top 20 rows

-------------------------------------------
Batch: 1
-------------------------------------------
+--------------------+-----+
|            customer|score|
+--------------------+-----+
|Santosh.Phillips@...| -3.0|
|Larry.Lincoln@tes...|-13.5|
|Jason.Harris@test...|-12.5|
+--------------------+-----+

-------------------------------------------
Batch: 2
-------------------------------------------
+--------------------+-----+
|            customer|score|
+--------------------+-----+
|Gail.Lincoln@test...| 17.5|
+--------------------+-----+

-------------------------------------------
Batch: 3
-------------------------------------------
+--------------------+-----+
|            customer|score|
+--------------------+-----+
|Travis.Habschied@...| 16.5|
+--------------------+-----+

-------------------------------------------
Batch: 4
-------------------------------------------
+--------------------+-----+
|            customer|score|
+--------------------+-----+
|Trevor.Harris@tes...|-16.5|
+--------------------+-----+

-------------------------------------------
Batch: 5
-------------------------------------------
+--------------------+-----+
|            customer|score|
+--------------------+-----+
|Dan.Fibonnaci@tes...|-45.0|
+--------------------+-----+

-------------------------------------------
Batch: 6
-------------------------------------------
+--------------------+-----+
|            customer|score|
+--------------------+-----+
|Eric.Habschied@te...|  0.0|
+--------------------+-----+

-------------------------------------------
Batch: 7
-------------------------------------------
+--------------------+-----+
|            customer|score|
+--------------------+-----+
|Santosh.Doshi@tes...| 38.0|
+--------------------+-----+

-------------------------------------------
Batch: 8
-------------------------------------------
+--------------------+-----+
|            customer|score|
+--------------------+-----+
|Ben.Clayton@test.com| 41.5|
+--------------------+-----+

-------------------------------------------
Batch: 9
-------------------------------------------
+--------------------+-----+
|            customer|score|
+--------------------+-----+
|Christina.Lincoln...| 14.5|
+--------------------+-----+

-------------------------------------------
Batch: 10
-------------------------------------------
+------------------+-----+
|          customer|score|
+------------------+-----+
|Sean.Huey@test.com| -6.5|
+------------------+-----+

-------------------------------------------
Batch: 11
-------------------------------------------
+--------------------+-----+
|            customer|score|
+--------------------+-----+
|Jacob.Harris@test...| 20.0|
+--------------------+-----+

