-------------------------------------------
Batch: 0
-------------------------------------------
+--------------------+---------+
|               email|birthYear|
+--------------------+---------+
|  Dan.Davis@test.com|     1965|
|Ashley.Davis@test...|     1955|
|Gail.Lincoln@test...|     1947|
|Jacob.Harris@test...|     1937|
|   Frank.Wu@test.com|     1960|
|Trevor.Harris@tes...|     1945|
|Gail.Anderson@tes...|     1958|
|Santosh.Phillips@...|     1950|
|Travis.Mitra@test...|     1954|
|Ben.Fibonnaci@tes...|     1963|
|Dan.Fibonnaci@tes...|     1944|
|   sam.test@test.com|     2001|
|Larry.Lincoln@tes...|     1949|
|Santosh.Doshi@tes...|     1942|
|Jason.Harris@test...|     1948|
|   customer@test.com|     1981|
|Jane.Hansen@test.com|     1964|
|Travis.Habschied@...|     1946|
|Craig.Habschied@t...|     1951|
| Jerry.Huey@test.com|     1959|
+--------------------+---------+
only showing top 20 rows

-------------------------------------------
Batch: 1
-------------------------------------------
+-----+---------+
|email|birthYear|
+-----+---------+
+-----+---------+

-------------------------------------------
Batch: 2
-------------------------------------------
+-----+---------+
|email|birthYear|
+-----+---------+
+-----+---------+

-------------------------------------------
Batch: 3
-------------------------------------------
+-----+---------+
|email|birthYear|
+-----+---------+
+-----+---------+

-------------------------------------------
Batch: 4
-------------------------------------------
+-----+---------+
|email|birthYear|
+-----+---------+
+-----+---------+

-------------------------------------------
Batch: 5
-------------------------------------------
+-----+---------+
|email|birthYear|
+-----+---------+
+-----+---------+

